2020-08-08 20:07:15,521 ERROR 6800 nodejs.ClusterClientNoResponseError: client no response in 62779261ms exceeding maxIdleTime 60000ms, maybe the connection is close on other side.
    at Timeout._onTimeout (D:\code\egg-example\node_modules\_cluster-client@3.0.1@cluster-client\lib\leader.js:77:23)
    at listOnTimeout (internal/timers.js:549:17)
    at processTimers (internal/timers.js:492:7)
name: "ClusterClientNoResponseError"
pid: 6800
hostname: DESKTOP-B3U9O3B

2020-08-09 15:14:50,146 ERROR 11944 nodejs.unhandledExceptionError: read ECONNRESET
    at TCP.onStreamRead (internal/stream_base_commons.js:205:27)
errno: "ECONNRESET"
code: "ECONNRESET"
syscall: "read"
name: "unhandledExceptionError"
pid: 11944
hostname: DESKTOP-B3U9O3B

2020-08-09 17:36:30,664 ERROR 11944 nodejs.unhandledExceptionError: read ECONNRESET
    at TCP.onStreamRead (internal/stream_base_commons.js:205:27)
errno: "ECONNRESET"
code: "ECONNRESET"
syscall: "read"
name: "unhandledExceptionError"
pid: 11944
hostname: DESKTOP-B3U9O3B

