2020-08-08 20:07:15,520 INFO 6800 [Timer] D:\code\egg-example\node_modules\_egg-multipart@2.10.3@egg-multipart\app\schedule\clean_tmpdir.js next time will execute after 30164490ms at 2020-08-09 04:30:00.010
2020-08-08 20:07:15,776 INFO 9664 [Job#159688843551011940844765760001] D:\code\egg-example\node_modules\_egg-multipart@2.10.3@egg-multipart\app\schedule\clean_tmpdir.js executing by app
2020-08-08 20:07:16,186 INFO 9664 [Job#159688843551011940844765760001] D:\code\egg-example\node_modules\_egg-multipart@2.10.3@egg-multipart\app\schedule\clean_tmpdir.js execute succeed, used 410ms
2020-08-09 14:14:45,722 INFO 11944 [Timer] D:\code\egg-example\node_modules\_egg-multipart@2.10.3@egg-multipart\app\schedule\clean_tmpdir.js next time will execute after 51314284ms at 2020-08-10 04:30:00.006
2020-08-09 14:14:45,723 INFO 11944 [Timer] D:\code\egg-example\node_modules\_egg-logrotator@3.1.0@egg-logrotator\app\schedule\clean_log.js next time will execute after 35114278ms at 2020-08-10 00:00:00.000
2020-08-09 14:14:45,723 INFO 11944 [Timer] D:\code\egg-example\node_modules\_egg-logrotator@3.1.0@egg-logrotator\app\schedule\rotate_by_file.js next time will execute after 35115277ms at 2020-08-10 00:00:01.000
2020-08-09 14:14:45,419 INFO 12208 [egg-schedule]: register schedule D:\code\egg-example\node_modules\_egg-multipart@2.10.3@egg-multipart\app\schedule\clean_tmpdir.js
2020-08-09 14:14:45,419 INFO 12208 [egg-schedule]: register schedule D:\code\egg-example\node_modules\_egg-logrotator@3.1.0@egg-logrotator\app\schedule\clean_log.js
2020-08-09 14:14:45,419 INFO 12208 [egg-schedule]: register schedule D:\code\egg-example\node_modules\_egg-logrotator@3.1.0@egg-logrotator\app\schedule\rotate_by_file.js
2020-08-09 14:14:46,904 INFO 14776 [egg-schedule]: register schedule D:\code\egg-example\node_modules\_egg-multipart@2.10.3@egg-multipart\app\schedule\clean_tmpdir.js
2020-08-09 14:14:46,904 INFO 14776 [egg-schedule]: register schedule D:\code\egg-example\node_modules\_egg-logrotator@3.1.0@egg-logrotator\app\schedule\clean_log.js
2020-08-09 14:14:46,904 INFO 14776 [egg-schedule]: register schedule D:\code\egg-example\node_modules\_egg-logrotator@3.1.0@egg-logrotator\app\schedule\rotate_by_file.js
2020-08-09 14:26:39,752 INFO 12280 [egg-schedule]: register schedule D:\code\egg-example\node_modules\_egg-multipart@2.10.3@egg-multipart\app\schedule\clean_tmpdir.js
2020-08-09 14:26:39,752 INFO 12280 [egg-schedule]: register schedule D:\code\egg-example\node_modules\_egg-logrotator@3.1.0@egg-logrotator\app\schedule\clean_log.js
2020-08-09 14:26:39,752 INFO 12280 [egg-schedule]: register schedule D:\code\egg-example\node_modules\_egg-logrotator@3.1.0@egg-logrotator\app\schedule\rotate_by_file.js
2020-08-09 14:30:53,209 INFO 15188 [egg-schedule]: register schedule D:\code\egg-example\node_modules\_egg-multipart@2.10.3@egg-multipart\app\schedule\clean_tmpdir.js
2020-08-09 14:30:53,209 INFO 15188 [egg-schedule]: register schedule D:\code\egg-example\node_modules\_egg-logrotator@3.1.0@egg-logrotator\app\schedule\clean_log.js
2020-08-09 14:30:53,209 INFO 15188 [egg-schedule]: register schedule D:\code\egg-example\node_modules\_egg-logrotator@3.1.0@egg-logrotator\app\schedule\rotate_by_file.js
2020-08-09 14:31:55,927 INFO 4544 [egg-schedule]: register schedule D:\code\egg-example\node_modules\_egg-multipart@2.10.3@egg-multipart\app\schedule\clean_tmpdir.js
2020-08-09 14:31:55,927 INFO 4544 [egg-schedule]: register schedule D:\code\egg-example\node_modules\_egg-logrotator@3.1.0@egg-logrotator\app\schedule\clean_log.js
2020-08-09 14:31:55,927 INFO 4544 [egg-schedule]: register schedule D:\code\egg-example\node_modules\_egg-logrotator@3.1.0@egg-logrotator\app\schedule\rotate_by_file.js
2020-08-09 14:32:19,519 INFO 10224 [egg-schedule]: register schedule D:\code\egg-example\node_modules\_egg-multipart@2.10.3@egg-multipart\app\schedule\clean_tmpdir.js
2020-08-09 14:32:19,519 INFO 10224 [egg-schedule]: register schedule D:\code\egg-example\node_modules\_egg-logrotator@3.1.0@egg-logrotator\app\schedule\clean_log.js
2020-08-09 14:32:19,519 INFO 10224 [egg-schedule]: register schedule D:\code\egg-example\node_modules\_egg-logrotator@3.1.0@egg-logrotator\app\schedule\rotate_by_file.js
2020-08-09 14:32:57,590 INFO 3048 [egg-schedule]: register schedule D:\code\egg-example\node_modules\_egg-multipart@2.10.3@egg-multipart\app\schedule\clean_tmpdir.js
2020-08-09 14:32:57,590 INFO 3048 [egg-schedule]: register schedule D:\code\egg-example\node_modules\_egg-logrotator@3.1.0@egg-logrotator\app\schedule\clean_log.js
2020-08-09 14:32:57,590 INFO 3048 [egg-schedule]: register schedule D:\code\egg-example\node_modules\_egg-logrotator@3.1.0@egg-logrotator\app\schedule\rotate_by_file.js
2020-08-09 14:37:47,566 INFO 9112 [egg-schedule]: register schedule D:\code\egg-example\node_modules\_egg-multipart@2.10.3@egg-multipart\app\schedule\clean_tmpdir.js
2020-08-09 14:37:47,566 INFO 9112 [egg-schedule]: register schedule D:\code\egg-example\node_modules\_egg-logrotator@3.1.0@egg-logrotator\app\schedule\clean_log.js
2020-08-09 14:37:47,566 INFO 9112 [egg-schedule]: register schedule D:\code\egg-example\node_modules\_egg-logrotator@3.1.0@egg-logrotator\app\schedule\rotate_by_file.js
2020-08-09 14:38:26,275 INFO 4968 [egg-schedule]: register schedule D:\code\egg-example\node_modules\_egg-multipart@2.10.3@egg-multipart\app\schedule\clean_tmpdir.js
2020-08-09 14:38:26,275 INFO 4968 [egg-schedule]: register schedule D:\code\egg-example\node_modules\_egg-logrotator@3.1.0@egg-logrotator\app\schedule\clean_log.js
2020-08-09 14:38:26,275 INFO 4968 [egg-schedule]: register schedule D:\code\egg-example\node_modules\_egg-logrotator@3.1.0@egg-logrotator\app\schedule\rotate_by_file.js
2020-08-09 14:48:06,329 INFO 2496 [egg-schedule]: register schedule D:\code\egg-example\node_modules\_egg-multipart@2.10.3@egg-multipart\app\schedule\clean_tmpdir.js
2020-08-09 14:48:06,329 INFO 2496 [egg-schedule]: register schedule D:\code\egg-example\node_modules\_egg-logrotator@3.1.0@egg-logrotator\app\schedule\clean_log.js
2020-08-09 14:48:06,329 INFO 2496 [egg-schedule]: register schedule D:\code\egg-example\node_modules\_egg-logrotator@3.1.0@egg-logrotator\app\schedule\rotate_by_file.js
2020-08-09 14:48:14,833 INFO 7748 [egg-schedule]: register schedule D:\code\egg-example\node_modules\_egg-multipart@2.10.3@egg-multipart\app\schedule\clean_tmpdir.js
2020-08-09 14:48:14,833 INFO 7748 [egg-schedule]: register schedule D:\code\egg-example\node_modules\_egg-logrotator@3.1.0@egg-logrotator\app\schedule\clean_log.js
2020-08-09 14:48:14,833 INFO 7748 [egg-schedule]: register schedule D:\code\egg-example\node_modules\_egg-logrotator@3.1.0@egg-logrotator\app\schedule\rotate_by_file.js
2020-08-09 14:48:51,753 INFO 3632 [egg-schedule]: register schedule D:\code\egg-example\node_modules\_egg-multipart@2.10.3@egg-multipart\app\schedule\clean_tmpdir.js
2020-08-09 14:48:51,753 INFO 3632 [egg-schedule]: register schedule D:\code\egg-example\node_modules\_egg-logrotator@3.1.0@egg-logrotator\app\schedule\clean_log.js
2020-08-09 14:48:51,753 INFO 3632 [egg-schedule]: register schedule D:\code\egg-example\node_modules\_egg-logrotator@3.1.0@egg-logrotator\app\schedule\rotate_by_file.js
2020-08-09 14:50:24,214 INFO 10100 [egg-schedule]: register schedule D:\code\egg-example\node_modules\_egg-multipart@2.10.3@egg-multipart\app\schedule\clean_tmpdir.js
2020-08-09 14:50:24,214 INFO 10100 [egg-schedule]: register schedule D:\code\egg-example\node_modules\_egg-logrotator@3.1.0@egg-logrotator\app\schedule\clean_log.js
2020-08-09 14:50:24,214 INFO 10100 [egg-schedule]: register schedule D:\code\egg-example\node_modules\_egg-logrotator@3.1.0@egg-logrotator\app\schedule\rotate_by_file.js
2020-08-09 14:51:16,928 INFO 10448 [egg-schedule]: register schedule D:\code\egg-example\node_modules\_egg-multipart@2.10.3@egg-multipart\app\schedule\clean_tmpdir.js
2020-08-09 14:51:16,928 INFO 10448 [egg-schedule]: register schedule D:\code\egg-example\node_modules\_egg-logrotator@3.1.0@egg-logrotator\app\schedule\clean_log.js
2020-08-09 14:51:16,928 INFO 10448 [egg-schedule]: register schedule D:\code\egg-example\node_modules\_egg-logrotator@3.1.0@egg-logrotator\app\schedule\rotate_by_file.js
2020-08-09 14:51:22,391 INFO 17160 [egg-schedule]: register schedule D:\code\egg-example\node_modules\_egg-multipart@2.10.3@egg-multipart\app\schedule\clean_tmpdir.js
2020-08-09 14:51:22,391 INFO 17160 [egg-schedule]: register schedule D:\code\egg-example\node_modules\_egg-logrotator@3.1.0@egg-logrotator\app\schedule\clean_log.js
2020-08-09 14:51:22,391 INFO 17160 [egg-schedule]: register schedule D:\code\egg-example\node_modules\_egg-logrotator@3.1.0@egg-logrotator\app\schedule\rotate_by_file.js
2020-08-09 14:57:35,732 INFO 16720 [egg-schedule]: register schedule D:\code\egg-example\node_modules\_egg-multipart@2.10.3@egg-multipart\app\schedule\clean_tmpdir.js
2020-08-09 14:57:35,732 INFO 16720 [egg-schedule]: register schedule D:\code\egg-example\node_modules\_egg-logrotator@3.1.0@egg-logrotator\app\schedule\clean_log.js
2020-08-09 14:57:35,732 INFO 16720 [egg-schedule]: register schedule D:\code\egg-example\node_modules\_egg-logrotator@3.1.0@egg-logrotator\app\schedule\rotate_by_file.js
2020-08-09 15:02:15,960 INFO 12236 [egg-schedule]: register schedule D:\code\egg-example\node_modules\_egg-multipart@2.10.3@egg-multipart\app\schedule\clean_tmpdir.js
2020-08-09 15:02:15,960 INFO 12236 [egg-schedule]: register schedule D:\code\egg-example\node_modules\_egg-logrotator@3.1.0@egg-logrotator\app\schedule\clean_log.js
2020-08-09 15:02:15,960 INFO 12236 [egg-schedule]: register schedule D:\code\egg-example\node_modules\_egg-logrotator@3.1.0@egg-logrotator\app\schedule\rotate_by_file.js
2020-08-09 15:02:42,183 INFO 3040 [egg-schedule]: register schedule D:\code\egg-example\node_modules\_egg-multipart@2.10.3@egg-multipart\app\schedule\clean_tmpdir.js
2020-08-09 15:02:42,183 INFO 3040 [egg-schedule]: register schedule D:\code\egg-example\node_modules\_egg-logrotator@3.1.0@egg-logrotator\app\schedule\clean_log.js
2020-08-09 15:02:42,183 INFO 3040 [egg-schedule]: register schedule D:\code\egg-example\node_modules\_egg-logrotator@3.1.0@egg-logrotator\app\schedule\rotate_by_file.js
2020-08-09 15:04:14,812 INFO 17216 [egg-schedule]: register schedule D:\code\egg-example\node_modules\_egg-multipart@2.10.3@egg-multipart\app\schedule\clean_tmpdir.js
2020-08-09 15:04:14,812 INFO 17216 [egg-schedule]: register schedule D:\code\egg-example\node_modules\_egg-logrotator@3.1.0@egg-logrotator\app\schedule\clean_log.js
2020-08-09 15:04:14,812 INFO 17216 [egg-schedule]: register schedule D:\code\egg-example\node_modules\_egg-logrotator@3.1.0@egg-logrotator\app\schedule\rotate_by_file.js
2020-08-09 15:05:17,319 INFO 8892 [egg-schedule]: register schedule D:\code\egg-example\node_modules\_egg-multipart@2.10.3@egg-multipart\app\schedule\clean_tmpdir.js
2020-08-09 15:05:17,319 INFO 8892 [egg-schedule]: register schedule D:\code\egg-example\node_modules\_egg-logrotator@3.1.0@egg-logrotator\app\schedule\clean_log.js
2020-08-09 15:05:17,319 INFO 8892 [egg-schedule]: register schedule D:\code\egg-example\node_modules\_egg-logrotator@3.1.0@egg-logrotator\app\schedule\rotate_by_file.js
2020-08-09 15:06:59,446 INFO 16776 [egg-schedule]: register schedule D:\code\egg-example\node_modules\_egg-multipart@2.10.3@egg-multipart\app\schedule\clean_tmpdir.js
2020-08-09 15:06:59,446 INFO 16776 [egg-schedule]: register schedule D:\code\egg-example\node_modules\_egg-logrotator@3.1.0@egg-logrotator\app\schedule\clean_log.js
2020-08-09 15:06:59,447 INFO 16776 [egg-schedule]: register schedule D:\code\egg-example\node_modules\_egg-logrotator@3.1.0@egg-logrotator\app\schedule\rotate_by_file.js
2020-08-09 15:09:32,142 INFO 16900 [egg-schedule]: register schedule D:\code\egg-example\node_modules\_egg-multipart@2.10.3@egg-multipart\app\schedule\clean_tmpdir.js
2020-08-09 15:09:32,142 INFO 16900 [egg-schedule]: register schedule D:\code\egg-example\node_modules\_egg-logrotator@3.1.0@egg-logrotator\app\schedule\clean_log.js
2020-08-09 15:09:32,142 INFO 16900 [egg-schedule]: register schedule D:\code\egg-example\node_modules\_egg-logrotator@3.1.0@egg-logrotator\app\schedule\rotate_by_file.js
2020-08-09 15:11:05,042 INFO 13980 [egg-schedule]: register schedule D:\code\egg-example\node_modules\_egg-multipart@2.10.3@egg-multipart\app\schedule\clean_tmpdir.js
2020-08-09 15:11:05,042 INFO 13980 [egg-schedule]: register schedule D:\code\egg-example\node_modules\_egg-logrotator@3.1.0@egg-logrotator\app\schedule\clean_log.js
2020-08-09 15:11:05,042 INFO 13980 [egg-schedule]: register schedule D:\code\egg-example\node_modules\_egg-logrotator@3.1.0@egg-logrotator\app\schedule\rotate_by_file.js
2020-08-09 15:13:10,502 INFO 8088 [egg-schedule]: register schedule D:\code\egg-example\node_modules\_egg-multipart@2.10.3@egg-multipart\app\schedule\clean_tmpdir.js
2020-08-09 15:13:10,502 INFO 8088 [egg-schedule]: register schedule D:\code\egg-example\node_modules\_egg-logrotator@3.1.0@egg-logrotator\app\schedule\clean_log.js
2020-08-09 15:13:10,502 INFO 8088 [egg-schedule]: register schedule D:\code\egg-example\node_modules\_egg-logrotator@3.1.0@egg-logrotator\app\schedule\rotate_by_file.js
2020-08-09 15:13:19,510 INFO 17316 [egg-schedule]: register schedule D:\code\egg-example\node_modules\_egg-multipart@2.10.3@egg-multipart\app\schedule\clean_tmpdir.js
2020-08-09 15:13:19,510 INFO 17316 [egg-schedule]: register schedule D:\code\egg-example\node_modules\_egg-logrotator@3.1.0@egg-logrotator\app\schedule\clean_log.js
2020-08-09 15:13:19,510 INFO 17316 [egg-schedule]: register schedule D:\code\egg-example\node_modules\_egg-logrotator@3.1.0@egg-logrotator\app\schedule\rotate_by_file.js
2020-08-09 15:14:48,859 INFO 8300 [egg-schedule]: register schedule D:\code\egg-example\node_modules\_egg-multipart@2.10.3@egg-multipart\app\schedule\clean_tmpdir.js
2020-08-09 15:14:48,859 INFO 8300 [egg-schedule]: register schedule D:\code\egg-example\node_modules\_egg-logrotator@3.1.0@egg-logrotator\app\schedule\clean_log.js
2020-08-09 15:14:48,859 INFO 8300 [egg-schedule]: register schedule D:\code\egg-example\node_modules\_egg-logrotator@3.1.0@egg-logrotator\app\schedule\rotate_by_file.js
2020-08-09 15:14:50,021 INFO 14744 [egg-schedule]: register schedule D:\code\egg-example\node_modules\_egg-multipart@2.10.3@egg-multipart\app\schedule\clean_tmpdir.js
2020-08-09 15:14:50,021 INFO 14744 [egg-schedule]: register schedule D:\code\egg-example\node_modules\_egg-logrotator@3.1.0@egg-logrotator\app\schedule\clean_log.js
2020-08-09 15:14:50,021 INFO 14744 [egg-schedule]: register schedule D:\code\egg-example\node_modules\_egg-logrotator@3.1.0@egg-logrotator\app\schedule\rotate_by_file.js
2020-08-09 15:15:48,448 INFO 10712 [egg-schedule]: register schedule D:\code\egg-example\node_modules\_egg-multipart@2.10.3@egg-multipart\app\schedule\clean_tmpdir.js
2020-08-09 15:15:48,448 INFO 10712 [egg-schedule]: register schedule D:\code\egg-example\node_modules\_egg-logrotator@3.1.0@egg-logrotator\app\schedule\clean_log.js
2020-08-09 15:15:48,448 INFO 10712 [egg-schedule]: register schedule D:\code\egg-example\node_modules\_egg-logrotator@3.1.0@egg-logrotator\app\schedule\rotate_by_file.js
2020-08-09 15:17:20,407 INFO 3532 [egg-schedule]: register schedule D:\code\egg-example\node_modules\_egg-multipart@2.10.3@egg-multipart\app\schedule\clean_tmpdir.js
2020-08-09 15:17:20,407 INFO 3532 [egg-schedule]: register schedule D:\code\egg-example\node_modules\_egg-logrotator@3.1.0@egg-logrotator\app\schedule\clean_log.js
2020-08-09 15:17:20,407 INFO 3532 [egg-schedule]: register schedule D:\code\egg-example\node_modules\_egg-logrotator@3.1.0@egg-logrotator\app\schedule\rotate_by_file.js
2020-08-09 15:20:11,081 INFO 5364 [egg-schedule]: register schedule D:\code\egg-example\node_modules\_egg-multipart@2.10.3@egg-multipart\app\schedule\clean_tmpdir.js
2020-08-09 15:20:11,082 INFO 5364 [egg-schedule]: register schedule D:\code\egg-example\node_modules\_egg-logrotator@3.1.0@egg-logrotator\app\schedule\clean_log.js
2020-08-09 15:20:11,082 INFO 5364 [egg-schedule]: register schedule D:\code\egg-example\node_modules\_egg-logrotator@3.1.0@egg-logrotator\app\schedule\rotate_by_file.js
2020-08-09 15:20:16,951 INFO 10836 [egg-schedule]: register schedule D:\code\egg-example\node_modules\_egg-multipart@2.10.3@egg-multipart\app\schedule\clean_tmpdir.js
2020-08-09 15:20:16,951 INFO 10836 [egg-schedule]: register schedule D:\code\egg-example\node_modules\_egg-logrotator@3.1.0@egg-logrotator\app\schedule\clean_log.js
2020-08-09 15:20:16,951 INFO 10836 [egg-schedule]: register schedule D:\code\egg-example\node_modules\_egg-logrotator@3.1.0@egg-logrotator\app\schedule\rotate_by_file.js
2020-08-09 17:36:29,566 INFO 16900 [egg-schedule]: register schedule D:\code\egg-example\node_modules\_egg-multipart@2.10.3@egg-multipart\app\schedule\clean_tmpdir.js
2020-08-09 17:36:29,566 INFO 16900 [egg-schedule]: register schedule D:\code\egg-example\node_modules\_egg-logrotator@3.1.0@egg-logrotator\app\schedule\clean_log.js
2020-08-09 17:36:29,566 INFO 16900 [egg-schedule]: register schedule D:\code\egg-example\node_modules\_egg-logrotator@3.1.0@egg-logrotator\app\schedule\rotate_by_file.js
2020-08-09 17:36:30,782 INFO 7628 [egg-schedule]: register schedule D:\code\egg-example\node_modules\_egg-multipart@2.10.3@egg-multipart\app\schedule\clean_tmpdir.js
2020-08-09 17:36:30,782 INFO 7628 [egg-schedule]: register schedule D:\code\egg-example\node_modules\_egg-logrotator@3.1.0@egg-logrotator\app\schedule\clean_log.js
2020-08-09 17:36:30,782 INFO 7628 [egg-schedule]: register schedule D:\code\egg-example\node_modules\_egg-logrotator@3.1.0@egg-logrotator\app\schedule\rotate_by_file.js
2020-08-09 17:36:40,305 INFO 5364 [egg-schedule]: register schedule D:\code\egg-example\node_modules\_egg-multipart@2.10.3@egg-multipart\app\schedule\clean_tmpdir.js
2020-08-09 17:36:40,305 INFO 5364 [egg-schedule]: register schedule D:\code\egg-example\node_modules\_egg-logrotator@3.1.0@egg-logrotator\app\schedule\clean_log.js
2020-08-09 17:36:40,305 INFO 5364 [egg-schedule]: register schedule D:\code\egg-example\node_modules\_egg-logrotator@3.1.0@egg-logrotator\app\schedule\rotate_by_file.js
2020-08-09 17:38:01,950 INFO 6024 [egg-schedule]: register schedule D:\code\egg-example\node_modules\_egg-multipart@2.10.3@egg-multipart\app\schedule\clean_tmpdir.js
2020-08-09 17:38:01,950 INFO 6024 [egg-schedule]: register schedule D:\code\egg-example\node_modules\_egg-logrotator@3.1.0@egg-logrotator\app\schedule\clean_log.js
2020-08-09 17:38:01,950 INFO 6024 [egg-schedule]: register schedule D:\code\egg-example\node_modules\_egg-logrotator@3.1.0@egg-logrotator\app\schedule\rotate_by_file.js
2020-08-09 17:38:27,376 INFO 10312 [egg-schedule]: register schedule D:\code\egg-example\node_modules\_egg-multipart@2.10.3@egg-multipart\app\schedule\clean_tmpdir.js
2020-08-09 17:38:27,376 INFO 10312 [egg-schedule]: register schedule D:\code\egg-example\node_modules\_egg-logrotator@3.1.0@egg-logrotator\app\schedule\clean_log.js
2020-08-09 17:38:27,376 INFO 10312 [egg-schedule]: register schedule D:\code\egg-example\node_modules\_egg-logrotator@3.1.0@egg-logrotator\app\schedule\rotate_by_file.js
